[94m[Info]    [0m[Reporting.Logs.logInfo#75] Reading: ./basic.lat
[94m[Info]    [0m[Reporting.Logs.logInfo#75] Parsing: ./basic.lat
[94m[Info]    [0m[Reporting.Logs.logInfo#75] Parsed: ./basic.lat
[94m[Info]    [0m[Reporting.Logs.logInfo#75] Transformed: ./basic.lat
[94m[Info]    [0m[Reporting.Logs.logInfo#75] Construct inheritance graph
[94m[Info]    [0m[Reporting.Logs.logInfo#75] before -> int main()
{
	string[] arr = new string[5];
	arr[0] = "Hello";
	printString(arr[0]);
	int[] arr2 = new int[10];
	arr2[0] = 42;
	arr2[3] = 69;
	print(arr2);
	int[][] arr3 = new int[][2];
	arr3[0] = new int[][3];
	arr3[1] = new int[][3];
	print(arr3);
	return 0;
}
[94m[Info]    [0m[Reporting.Logs.logInfo#75] before -> int main()
{
	string[] arr = new string[5];
	arr[0] = "Hello";
	printString(arr[0]);
	int[] arr2 = new int[10];
	arr2[0] = 42;
	arr2[3] = 69;
	print(arr2);
	int[][] arr3 = new int[][2];
	arr3[0] = new int[][3];
	arr3[1] = new int[][3];
	print(arr3);
	return 0;
}
[94m[Info]    [0m[Reporting.Logs.logInfo#75] before -> string[] arr = new string[5];
[94m[Info]    [0m[Reporting.Logs.logInfo#75] after  <- string[] arr = new string[5];
[94m[Info]    [0m[Reporting.Logs.logInfo#75] before -> arr[0] = "Hello";
[94m[Info]    [0m[Reporting.Logs.logInfo#75] Assignemnt mapped LEFT ?=> arr[(int)(0)]
[94m[Info]    [0m[Reporting.Logs.logInfo#75] after  <- arr[(int)(0)] = "Hello";
[94m[Info]    [0m[Reporting.Logs.logInfo#75] before -> printString(arr[0]);
[94m[Info]    [0m[Reporting.Logs.logInfo#75] DBGELO App ===> FunT inside standard library (VoidT inside standard library) [StringT inside standard library]
[94m[Info]    [0m[Reporting.Logs.logInfo#75] after  <- printString(arr[(int)(0)]);
[94m[Info]    [0m[Reporting.Logs.logInfo#75] before -> int[] arr2 = new int[10];
[94m[Info]    [0m[Reporting.Logs.logInfo#75] after  <- int[] arr2 = new int[10];
[94m[Info]    [0m[Reporting.Logs.logInfo#75] before -> arr2[0] = 42;
[94m[Info]    [0m[Reporting.Logs.logInfo#75] Assignemnt mapped LEFT ?=> arr2[(int)(0)]
[94m[Info]    [0m[Reporting.Logs.logInfo#75] after  <- arr2[(int)(0)] = (int)(42);
[94m[Info]    [0m[Reporting.Logs.logInfo#75] before -> arr2[3] = 69;
[94m[Info]    [0m[Reporting.Logs.logInfo#75] Assignemnt mapped LEFT ?=> arr2[(int)(3)]
[94m[Info]    [0m[Reporting.Logs.logInfo#75] after  <- arr2[(int)(3)] = (int)(69);
[94m[Info]    [0m[Reporting.Logs.logInfo#75] before -> print(arr2);
[94m[Info]    [0m[Reporting.Logs.logInfo#75] DBGELO App ===> FunT inside standard library (VoidT inside standard library) [ClassT inside standard library (Ident inside standard library "Object")]
[94m[Info]    [0m[Reporting.Logs.logInfo#75] after  <- print(arr2);
[94m[Info]    [0m[Reporting.Logs.logInfo#75] before -> int[][] arr3 = new int[][2];
[94m[Info]    [0m[Reporting.Logs.logInfo#75] after  <- int[][] arr3 = new int[][2];
[94m[Info]    [0m[Reporting.Logs.logInfo#75] before -> arr3[0] = new int[][3];
[94m[Info]    [0m[Reporting.Logs.logInfo#75] Assignemnt mapped LEFT ?=> arr3[(int)(0)]
[0;91;1m[error][0m: Problem: Incompatible type
     [0;90;1m╭──▶[0m [0;32;1m./basic.lat@13:9-13:13[0m
     [0;90;1m│[0m
[0;90;1m  13 │[0m [0;97m    [0m[0;97ma[0m[0;97mr[0m[0;97mr[0m[0;97m3[0m[0;97m[[0m[0;97m0[0m[0;97m][0m[0;91;1m [0m[0;91;1m=[0m[0;91;1m [0m[0;91;1mn[0m[0;97me[0m[0;97mw[0m[0;97m [0m[0;97mi[0m[0;97mn[0m[0;97mt[0m[0;34;1m[[0m[0;34;1m][0m[0;34;1m[[0m[0;34;1m3[0m[0;97m][0m[0;97m;[0m
     [0;90;1m•[0m            [0;91m┬[0m[0;91m─[0m[0;91m─[0m[0;91m─[0m      [0;34m┬[0m[0;34m─[0m[0;34m─[0m[0;34m─[0m 
     [0;90;1m•[0m            [0;91m╰──────────╸[0m [0;91mLeft side of assignment has type int[] which is incompatible with the value that is being assigned.[0m
     [0;90;1m•[0m                      [0;34m╰╸[0m [0;34mThe value on the right side has different type int[][][0m
[0;90;1m─────╯[0m
[0;90;1m            ────────────────────────────────────────[0m
[0;90m        │[0m 
      [0;90m  │ [0m 
      [0;90mT │ [0m [0;90;1m    Infer types: [0m
      [0;90my │ [0m  [0;97m    [0m[0;97ma[0m[0;97mr[0m[0;97mr[0m[0;97m3[0m[0;97m[[0m[0;97m0[0m[0;97m][0m[0;97m [0m[0;97m=[0m[0;97m [0m[0;97mn[0m[0;97me[0m[0;97mw[0m[0;97m [0m[0;97mi[0m[0;97mn[0m[0;97mt[0m[0;97m[[0m[0;97m][0m[0;97m[[0m[0;97m3[0m[0;97m][0m[0;97m;[0m
      [0;90mp │ [0m                             [0;34m┬[0m
      [0;90me │ [0m                             [0;34m╰╸[0m [0;34mType: byte[0m
      [0;90m  │ [0m  
      [0;90mc │ [0m [0;90;1m    Infer types: [0m
      [0;90mo │ [0m  [0;97m    [0m[0;97ma[0m[0;97mr[0m[0;97mr[0m[0;97m3[0m[0;97m[[0m[0;97m0[0m[0;97m][0m[0;34;1m [0m[0;34;1m=[0m[0;34;1m [0m[0;34;1mn[0m[0;97me[0m[0;34;1mw[0m[0;97m [0m[0;97mi[0m[0;97mn[0m[0;97mt[0m[0;34;1m[[0m[0;34;1m][0m[0;34;1m[[0m[0;34;1m3[0m[0;34;1m][0m[0;34;1m;[0m
      [0;90mn │ [0m             [0;34m┬[0m[0;34m─[0m[0;34m─[0m[0;34m─[0m [0;34m┬[0m    [0;34m┬[0m[0;34m─[0m[0;34m─[0m[0;34m─[0m[0;34m─[0m[0;34m─[0m[0;34m[0m[0;34m[0m[0;34m[0m[0;34m[0m[0;34m[0m
      [0;90mt │ [0m             [0;34m│[0m    [0;34m│[0m    [0;34m╰╸[0m [0;34mType: int[][][0m
      [0;90me │ [0m             [0;34m│[0m    [0;34m╰╸[0m [0;34mType: byte[0m
      [0;90mx │ [0m             [0;34m╰╸[0m [0;34mType: int[][][0m
      [0;90mt │ [0m  

      [0;90m        │[0m 
      [0;90m  │ [0m 
      [0;90mF │ [0m [0;90;1m    The error occurred in function 'main'[0m
      [0;90mu │ [0m  [0;34;1mi[0m[0;34;1mn[0m[0;34;1mt[0m[0;34;1m [0m[0;97mm[0m[0;97ma[0m[0;97mi[0m[0;97mn[0m[0;97m([0m[0;97m)[0m[0;97m [0m[0;97m{[0m
      [0;90mn │ [0m  [0;34m┬[0m[0;34m─[0m[0;34m─[0m[0;34m─[0m 
      [0;90mc │ [0m  [0;34m╰╸[0m [0;34mLocation of function 'main'[0m
      [0;90mt │ [0m  
      [0;90mi │ [0m 
      [0;90mo │ [0m 
      [0;90mn │ [0m 
      [0;90m  │ [0m 
      [0;90mc │ [0m 
      [0;90mo │ [0m 
      [0;90mn │ [0m 
      [0;90mt │ [0m 
      [0;90me │ [0m 
      [0;90mx │ [0m 
      [0;90mt │ [0m 



[91m[Error]   [0m[Reporting.Logs.logError#88] Optimizer failed
