CALL
1
10
5
CALL
1
5
3
CALL
1
3
2
CALL
1
2
1
CALL
1
1
CALL
-831217495
1
-415608747
CALL
-831217495
-415608747
-623413121
CALL
-831217495
-623413121
-727315308
CALL
-831217495
-727315308
-779266402
CALL
-831217495
-779266402
-805241949
CALL
-831217495
-805241949
-818229722
CALL
-831217495
-818229722
-824723609
CALL
-831217495
-824723609
-827970552
CALL
-831217495
-827970552
-829594024
CALL
-831217495
-829594024
-830405760
CALL
-831217495
-830405760
-830811628
CALL
-831217495
-830811628
-831014562
CALL
-831217495
-831014562
-831116029
CALL
-831217495
-831116029
-831166762
CALL
-831217495
-831166762
-831192129
CALL
-831217495
-831192129
-831204812
CALL
-831217495
-831204812
-831211154
CALL
-831217495
-831211154
-831214325
CALL
-831217495
-831214325
-831215910
CALL
-831217495
-831215910
-831216703
CALL
-831217495
-831216703
-831217099
CALL
-831217495
-831217099
-831217297
CALL
-831217495
-831217297
-831217396
CALL
-831217495
-831217396
-831217446
CALL
-831217495
-831217446
-831217471
CALL
-831217495
-831217471
-831217483
CALL
-831217495
-831217483
-831217489
CALL
-831217495
-831217489
-831217492
CALL
-831217495
-831217492
-831217494
CALL
-831217495
-831217494
-831217495
CALL
-831217495
-831217495
CALL
2
-831217495
CALL
2
-831217495
CALL
2
-831217495
CALL
2
-831217495
CALL
2
-831217495
CALL
2
-831217495
CALL
2
-831217495
CALL
2
-831217495
CALL
2
-831217495
CALL
2
-831217495
CALL
2
-831217495
CALL
2
-831217495
CALL
2
-831217495
CALL
2
-831217495
CALL
2
-831217495
CALL
2
-831217495
CALL
2
-831217495
CALL
2
-831217495
CALL
2
-831217495
CALL
2
-831217495
CALL
2
-831217495
CALL
2
-831217495
CALL
2
-831217495
CALL
2
-831217495
CALL
2
-831217495
CALL
2
-831217495
CALL
2
-831217495
CALL
2
-831217495
CALL
2
-831217495
CALL
2
-831217495
CALL
-831217495
1
-415608747
CALL
-831217495
-415608747
-623413121
CALL
-831217495
-623413121
-727315308
CALL
-831217495
-727315308
-779266402
CALL
-831217495
-779266402
-805241949
CALL
-831217495
-805241949
-818229722
CALL
-831217495
-818229722
-824723609
CALL
-831217495
-824723609
-827970552
CALL
-831217495
-827970552
-829594024
CALL
-831217495
-829594024
-830405760
CALL
-831217495
-830405760
-830811628
CALL
-831217495
-830811628
-831014562
CALL
-831217495
-831014562
-831116029
CALL
-831217495
-831116029
-831166762
CALL
-831217495
-831166762
-831192129
CALL
-831217495
-831192129
-831204812
CALL
-831217495
-831204812
-831211154
CALL
-831217495
-831211154
-831214325
CALL
-831217495
-831214325
-831215910
CALL
-831217495
-831215910
-831216703
CALL
-831217495
-831216703
-831217099
CALL
-831217495
-831217099
-831217297
CALL
-831217495
-831217297
-831217396
CALL
-831217495
-831217396
-831217446
CALL
-831217495
-831217446
-831217471
CALL
-831217495
-831217471
-831217483
CALL
-831217495
-831217483
-831217489
CALL
-831217495
-831217489
-831217492
CALL
-831217495
-831217492
-831217494
CALL
-831217495
-831217494
-831217495
CALL
-831217495
-831217495
CALL
-831217495
-831217495
CALL
-831217495
-831217495
CALL
-831217495
-831217495
CALL
-831217495
-831217495
CALL
-831217495
-831217495
CALL
-831217495
-831217495
CALL
-831217495
-831217495
CALL
-831217495
-831217495
CALL
-831217495
-831217495
CALL
-831217495
-831217495
CALL
-831217495
-831217495
CALL
-831217495
-831217495
CALL
-831217495
-831217495
CALL
-831217495
-831217495
CALL
-831217495
-831217495
CALL
-831217495
-831217495
CALL
-831217495
-831217495
CALL
-831217495
-831217495
CALL
-831217495
-831217495
CALL
-831217495
-831217495
CALL
-831217495
-831217495
CALL
-831217495
-831217495
CALL
-831217495
-831217495
CALL
-831217495
-831217495
CALL
-831217495
-831217495
CALL
-831217495
-831217495
CALL
-831217495
-831217495
CALL
-831217495
-831217495
CALL
-831217495
-831217495
CALL
-831217495
-831217495
CALL
-831217495
1
-415608747
CALL
-831217495
-415608747
-623413121
CALL
-831217495
-623413121
-727315308
CALL
-831217495
-727315308
-779266402
CALL
-831217495
-779266402
-805241949
CALL
-831217495
-805241949
-818229722
CALL
-831217495
-818229722
-824723609
CALL
-831217495
-824723609
-827970552
CALL
-831217495
-827970552
-829594024
CALL
-831217495
-829594024
-830405760
CALL
-831217495
-830405760
-830811628
CALL
-831217495
-830811628
-831014562
CALL
-831217495
-831014562
-831116029
CALL
-831217495
-831116029
-831166762
CALL
-831217495
-831166762
-831192129
CALL
-831217495
-831192129
-831204812
CALL
-831217495
-831204812
-831211154
CALL
-831217495
-831211154
-831214325
CALL
-831217495
-831214325
-831215910
CALL
-831217495
-831215910
-831216703
CALL
-831217495
-831216703
-831217099
CALL
-831217495
-831217099
-831217297
CALL
-831217495
-831217297
-831217396
CALL
-831217495
-831217396
-831217446
CALL
-831217495
-831217446
-831217471
CALL
-831217495
-831217471
-831217483
CALL
-831217495
-831217483
-831217489
CALL
-831217495
-831217489
-831217492
CALL
-831217495
-831217492
-831217494
CALL
-831217495
-831217494
-831217495
CALL
-831217495
-831217495
CALL
1796393025
-831217495
CALL
1796393025
-831217495
CALL
1796393025
-831217495
CALL
1796393025
-831217495
CALL
1796393025
-831217495
CALL
1796393025
-831217495
CALL
1796393025
-831217495
CALL
1796393025
-831217495
CALL
1796393025
-831217495
CALL
1796393025
-831217495
CALL
1796393025
-831217495
CALL
1796393025
-831217495
CALL
1796393025
-831217495
CALL
1796393025
-831217495
CALL
1796393025
-831217495
CALL
1796393025
-831217495
CALL
1796393025
-831217495
CALL
1796393025
-831217495
CALL
1796393025
-831217495
CALL
1796393025
-831217495
CALL
1796393025
-831217495
CALL
1796393025
-831217495
CALL
1796393025
-831217495
CALL
1796393025
-831217495
CALL
1796393025
-831217495
CALL
1796393025
-831217495
CALL
1796393025
-831217495
CALL
1796393025
-831217495
CALL
1796393025
-831217495
CALL
1796393025
-831217495
CALL
-831217495
1
-415608747
CALL
-831217495
-415608747
-623413121
CALL
-831217495
-623413121
-727315308
CALL
-831217495
-727315308
-779266402
CALL
-831217495
-779266402
-805241949
CALL
-831217495
-805241949
-818229722
CALL
-831217495
-818229722
-824723609
CALL
-831217495
-824723609
-827970552
CALL
-831217495
-827970552
-829594024
CALL
-831217495
-829594024
-830405760
CALL
-831217495
-830405760
-830811628
CALL
-831217495
-830811628
-831014562
CALL
-831217495
-831014562
-831116029
CALL
-831217495
-831116029
-831166762
CALL
-831217495
-831166762
-831192129
CALL
-831217495
-831192129
-831204812
CALL
-831217495
-831204812
-831211154
CALL
-831217495
-831211154
-831214325
CALL
-831217495
-831214325
-831215910
CALL
-831217495
-831215910
-831216703
CALL
-831217495
-831216703
-831217099
CALL
-831217495
-831217099
-831217297
CALL
-831217495
-831217297
-831217396
CALL
-831217495
-831217396
-831217446
CALL
-831217495
-831217446
-831217471
CALL
-831217495
-831217471
-831217483
CALL
-831217495
-831217483
-831217489
CALL
-831217495
-831217489
-831217492
CALL
-831217495
-831217492
-831217494
CALL
-831217495
-831217494
-831217495
CALL
-831217495
-831217495
CALL
1048275457
-831217495
CALL
1048275457
-831217495
CALL
1048275457
-831217495
CALL
1048275457
-831217495
CALL
1048275457
-831217495
CALL
1048275457
-831217495
CALL
1048275457
-831217495
CALL
1048275457
-831217495
CALL
1048275457
-831217495
CALL
1048275457
-831217495
CALL
1048275457
-831217495
CALL
1048275457
-831217495
CALL
1048275457
-831217495
CALL
1048275457
-831217495
CALL
1048275457
-831217495
CALL
1048275457
-831217495
CALL
1048275457
-831217495
CALL
1048275457
-831217495
CALL
1048275457
-831217495
CALL
1048275457
-831217495
CALL
1048275457
-831217495
CALL
1048275457
-831217495
CALL
1048275457
-831217495
CALL
1048275457
-831217495
CALL
1048275457
-831217495
CALL
1048275457
-831217495
CALL
1048275457
-831217495
CALL
1048275457
-831217495
CALL
1048275457
-831217495
CALL
1048275457
-831217495
725454848
